0 info it worked if it ends with ok
1 verbose cli [ 'c:\\Program Files\\nodejs\\node.exe',
1 verbose cli   'c:\\Users\\Papa Samo\\AppData\\Roaming\\npm\\node_modules\\npm\\bin\\npm-cli.js',
1 verbose cli   'version',
1 verbose cli   'patch' ]
2 info using npm@1.3.7
3 info using node@v0.10.20
4 error Error: Git working directory not clean.
4 error M  lib/checkout-invoice.js
4 error M  lib/onsite-invoice.js
4 error MM package.json
4 error     at c:\Users\Papa Samo\AppData\Roaming\npm\node_modules\npm\lib\version.js:97:35
4 error     at ChildProcess.exithandler (child_process.js:635:7)
4 error     at ChildProcess.EventEmitter.emit (events.js:98:17)
4 error     at maybeClose (child_process.js:735:16)
4 error     at Process.ChildProcess._handle.onexit (child_process.js:802:5)
5 error If you need help, you may report this log at:
5 error     <http://github.com/isaacs/npm/issues>
5 error or email it to:
5 error     <npm-@googlegroups.com>
6 error System Windows_NT 6.1.7601
7 error command "c:\\Program Files\\nodejs\\node.exe" "c:\\Users\\Papa Samo\\AppData\\Roaming\\npm\\node_modules\\npm\\bin\\npm-cli.js" "version" "patch"
8 error cwd c:\Users\Papa Samo\Google Drive\WebDev\nodejs\mpower-node
9 error node -v v0.10.20
10 error npm -v 1.3.7
11 verbose exit [ 1, true ]
